# JRE version: OpenJDK Runtime Environment Homebrew (23.0.2) (build 23.0.2)
# Java VM: OpenJDK 64-Bit Server VM Homebrew (23.0.2, mixed mode, sharing, tiered, compressed oops, compressed class ptrs, g1 gc, bsd-aarch64)
GC Precious Log:
 CardTable entry size: 512
 Card Set container configuration: InlinePtr #cards 4 size 8 Array Of Cards #cards 16 size 48 Howl #buckets 8 coarsen threshold 3686 Howl Bitmap #cards 512 size 80 coarsen threshold 460 Card regions per heap region 1 cards per card region 4096
 CPUs: 10 total, 10 available
 Memory: 16384M
 Large Page Support: Disabled
 NUMA Support: Disabled
 Compressed Oops: Enabled (Zero based)
 Heap Region Size: 2M
 Heap Min Capacity: 8M
 Heap Initial Capacity: 256M
 Heap Max Capacity: 4G
 Pre-touch: Disabled
 Parallel Workers: 9
 Concurrent Workers: 2
 Concurrent Refinement Workers: 9
 Periodic GC: Disabled
Heap:
 garbage-first heap   total reserved 4194304K, committed 274432K, used 99903K [0x00000004d5000000, 0x00000005d5000000)
  region size 2048K, 5 young (10240K), 1 survivors (2048K)
 Metaspace       used 25536K, committed 25920K, reserved 1114112K
  class space    used 3638K, committed 3840K, reserved 1048576K
GC Heap History (20 events):
Event: 25.822 GC heap before
{Heap before GC invocations=61 (full 1):
 garbage-first heap   total reserved 4194304K, committed 274432K, used 116279K [0x00000004d5000000, 0x00000005d5000000)
  region size 2048K, 4 young (8192K), 1 survivors (2048K)
 Metaspace       used 25472K, committed 25856K, reserved 1114112K
  class space    used 3629K, committed 3840K, reserved 1048576K
}
Event: 25.823 GC heap after
{Heap after GC invocations=62 (full 1):
 garbage-first heap   total reserved 4194304K, committed 274432K, used 87607K [0x00000004d5000000, 0x00000005d5000000)
  region size 2048K, 1 young (2048K), 1 survivors (2048K)
 Metaspace       used 25472K, committed 25856K, reserved 1114112K
  class space    used 3629K, committed 3840K, reserved 1048576K
}
Event: 26.022 GC heap before
{Heap before GC invocations=62 (full 1):
 garbage-first heap   total reserved 4194304K, committed 274432K, used 116279K [0x00000004d5000000, 0x00000005d5000000)
  region size 2048K, 4 young (8192K), 1 survivors (2048K)
 Metaspace       used 25499K, committed 25920K, reserved 1114112K
  class space    used 3629K, committed 3840K, reserved 1048576K
}
Event: 26.022 GC heap after
{Heap after GC invocations=63 (full 1):
 garbage-first heap   total reserved 4194304K, committed 274432K, used 87605K [0x00000004d5000000, 0x00000005d5000000)
  region size 2048K, 1 young (2048K), 1 survivors (2048K)
 Metaspace       used 25499K, committed 25920K, reserved 1114112K
  class space    used 3629K, committed 3840K, reserved 1048576K
}
Event: 26.223 GC heap before
{Heap before GC invocations=63 (full 1):
 garbage-first heap   total reserved 4194304K, committed 274432K, used 116277K [0x00000004d5000000, 0x00000005d5000000)
  region size 2048K, 4 young (8192K), 1 survivors (2048K)
 Metaspace       used 25505K, committed 25920K, reserved 1114112K
  class space    used 3629K, committed 3840K, reserved 1048576K
}
Event: 26.224 GC heap after
{Heap after GC invocations=64 (full 1):
 garbage-first heap   total reserved 4194304K, committed 274432K, used 87607K [0x00000004d5000000, 0x00000005d5000000)
  region size 2048K, 1 young (2048K), 1 survivors (2048K)
 Metaspace       used 25505K, committed 25920K, reserved 1114112K
  class space    used 3629K, committed 3840K, reserved 1048576K
}
Event: 26.425 GC heap before
{Heap before GC invocations=64 (full 1):
 garbage-first heap   total reserved 4194304K, committed 274432K, used 116279K [0x00000004d5000000, 0x00000005d5000000)
  region size 2048K, 4 young (8192K), 1 survivors (2048K)
 Metaspace       used 25505K, committed 25920K, reserved 1114112K
  class space    used 3629K, committed 3840K, reserved 1048576K
}
Event: 26.426 GC heap after
{Heap after GC invocations=65 (full 1):
 garbage-first heap   total reserved 4194304K, committed 274432K, used 87607K [0x00000004d5000000, 0x00000005d5000000)
  region size 2048K, 1 young (2048K), 1 survivors (2048K)
 Metaspace       used 25505K, committed 25920K, reserved 1114112K
  class space    used 3629K, committed 3840K, reserved 1048576K
}
Event: 26.626 GC heap before
{Heap before GC invocations=65 (full 1):
 garbage-first heap   total reserved 4194304K, committed 274432K, used 116279K [0x00000004d5000000, 0x00000005d5000000)
  region size 2048K, 4 young (8192K), 1 survivors (2048K)
 Metaspace       used 25506K, committed 25920K, reserved 1114112K
  class space    used 3629K, committed 3840K, reserved 1048576K
}
Event: 26.627 GC heap after
{Heap after GC invocations=66 (full 1):
 garbage-first heap   total reserved 4194304K, committed 274432K, used 87605K [0x00000004d5000000, 0x00000005d5000000)
  region size 2048K, 1 young (2048K), 1 survivors (2048K)
 Metaspace       used 25506K, committed 25920K, reserved 1114112K
  class space    used 3629K, committed 3840K, reserved 1048576K
}
Event: 26.830 GC heap before
{Heap before GC invocations=66 (full 1):
 garbage-first heap   total reserved 4194304K, committed 274432K, used 116277K [0x00000004d5000000, 0x00000005d5000000)
  region size 2048K, 4 young (8192K), 1 survivors (2048K)
 Metaspace       used 25506K, committed 25920K, reserved 1114112K
  class space    used 3629K, committed 3840K, reserved 1048576K
}
Event: 26.831 GC heap after
{Heap after GC invocations=67 (full 1):
 garbage-first heap   total reserved 4194304K, committed 274432K, used 87607K [0x00000004d5000000, 0x00000005d5000000)
  region size 2048K, 1 young (2048K), 1 survivors (2048K)
 Metaspace       used 25506K, committed 25920K, reserved 1114112K
  class space    used 3629K, committed 3840K, reserved 1048576K
}
Event: 27.028 GC heap before
{Heap before GC invocations=67 (full 1):
 garbage-first heap   total reserved 4194304K, committed 274432K, used 116279K [0x00000004d5000000, 0x00000005d5000000)
  region size 2048K, 4 young (8192K), 1 survivors (2048K)
 Metaspace       used 25509K, committed 25920K, reserved 1114112K
  class space    used 3629K, committed 3840K, reserved 1048576K
}
Event: 27.029 GC heap after
{Heap after GC invocations=68 (full 1):
 garbage-first heap   total reserved 4194304K, committed 274432K, used 87607K [0x00000004d5000000, 0x00000005d5000000)
  region size 2048K, 1 young (2048K), 1 survivors (2048K)
 Metaspace       used 25509K, committed 25920K, reserved 1114112K
  class space    used 3629K, committed 3840K, reserved 1048576K
}
Event: 27.230 GC heap before
{Heap before GC invocations=68 (full 1):
 garbage-first heap   total reserved 4194304K, committed 274432K, used 116279K [0x00000004d5000000, 0x00000005d5000000)
  region size 2048K, 4 young (8192K), 1 survivors (2048K)
 Metaspace       used 25509K, committed 25920K, reserved 1114112K
  class space    used 3629K, committed 3840K, reserved 1048576K
}
Event: 27.231 GC heap after
{Heap after GC invocations=69 (full 1):
 garbage-first heap   total reserved 4194304K, committed 274432K, used 87602K [0x00000004d5000000, 0x00000005d5000000)
  region size 2048K, 1 young (2048K), 1 survivors (2048K)
 Metaspace       used 25509K, committed 25920K, reserved 1114112K
  class space    used 3629K, committed 3840K, reserved 1048576K
}
Event: 27.432 GC heap before
{Heap before GC invocations=69 (full 1):
 garbage-first heap   total reserved 4194304K, committed 274432K, used 116274K [0x00000004d5000000, 0x00000005d5000000)
  region size 2048K, 4 young (8192K), 1 survivors (2048K)
 Metaspace       used 25509K, committed 25920K, reserved 1114112K
  class space    used 3629K, committed 3840K, reserved 1048576K
}
Event: 27.433 GC heap after
{Heap after GC invocations=70 (full 1):
 garbage-first heap   total reserved 4194304K, committed 274432K, used 87611K [0x00000004d5000000, 0x00000005d5000000)
  region size 2048K, 1 young (2048K), 1 survivors (2048K)
 Metaspace       used 25509K, committed 25920K, reserved 1114112K
  class space    used 3629K, committed 3840K, reserved 1048576K
}
Event: 27.636 GC heap before
{Heap before GC invocations=70 (full 1):
 garbage-first heap   total reserved 4194304K, committed 274432K, used 116283K [0x00000004d5000000, 0x00000005d5000000)
  region size 2048K, 4 young (8192K), 1 survivors (2048K)
 Metaspace       used 25521K, committed 25920K, reserved 1114112K
  class space    used 3634K, committed 3840K, reserved 1048576K
}
Event: 27.636 GC heap after
{Heap after GC invocations=71 (full 1):
 garbage-first heap   total reserved 4194304K, committed 274432K, used 87615K [0x00000004d5000000, 0x00000005d5000000)
  region size 2048K, 1 young (2048K), 1 survivors (2048K)
 Metaspace       used 25521K, committed 25920K, reserved 1114112K
  class space    used 3634K, committed 3840K, reserved 1048576K
}

